<?xml version="1.0" encoding="UTF-8"?>
<!-- Generated by org.testng.reporters.JUnitReportReporter -->
<testsuite hostname="Deepu-PC" failures="0" tests="1" name="testScripts.MnagePollsTestcase" time="114.444" errors="0" timestamp="2022-10-30T16:40:53 EDT" skipped="0">
  <testcase classname="testScripts.MnagePollsTestcase" name="dropdown" time="114.444"/>
  <system-out/>
</testsuite> <!-- testScripts.MnagePollsTestcase -->
