<?xml version="1.0" encoding="UTF-8"?>
<!-- Generated by org.testng.reporters.JUnitReportReporter -->
<testsuite hostname="Deepu-PC" failures="0" tests="3" name="testScripts.Createsurveypolltest" time="108.503" errors="0" timestamp="2022-11-09T06:28:17 EST" skipped="0">
  <testcase classname="testScripts.Createsurveypolltest" name="registerTestCase" time="36.841"/>
  <system-out/>
  <testcase classname="testScripts.Createsurveypolltest" name="registerTestCase" time="35.828"/>
  <system-out/>
  <testcase classname="testScripts.Createsurveypolltest" name="registerTestCase" time="35.834"/>
  <system-out/>
</testsuite> <!-- testScripts.Createsurveypolltest -->
