<?xml version="1.0" encoding="UTF-8"?>
<!-- Generated by org.testng.reporters.JUnitReportReporter -->
<testsuite hostname="Deepu-PC" failures="0" tests="3" name="testScripts.CreatePollTestCase" time="112.880" errors="0" timestamp="2022-10-30T17:29:56 EDT" skipped="0">
  <testcase classname="testScripts.CreatePollTestCase" name="registerTestCase" time="37.693"/>
  <system-out/>
  <testcase classname="testScripts.CreatePollTestCase" name="registerTestCase" time="37.574"/>
  <system-out/>
  <testcase classname="testScripts.CreatePollTestCase" name="registerTestCase" time="37.613"/>
  <system-out/>
</testsuite> <!-- testScripts.CreatePollTestCase -->
