<?xml version="1.0" encoding="UTF-8"?>
<!-- Generated by org.testng.reporters.JUnitReportReporter -->
<testsuite hostname="Deepu-PC" failures="0" tests="1" name="testScripts.coursetestcase" time="29.729" errors="0" timestamp="2022-10-30T10:33:34 EDT" skipped="0">
  <testcase classname="testScripts.coursetestcase" name="createCourseme" time="29.729"/>
  <system-out/>
</testsuite> <!-- testScripts.coursetestcase -->
